<testsuites id="" name="" tests="52" failures="0" skipped="0" errors="0" time="69.509685">
<testsuite name="auth-logout.spec.ts" timestamp="2026-02-09T10:10:32.113Z" hostname="chromium" tests="1" failures="0" skipped="0" time="0.605" errors="0">
<testcase name="Authentication Logout › should login, verify cookie, logout, and verify cookie removal" classname="auth-logout.spec.ts" time="0.605">
</testcase>
</testsuite>
<testsuite name="component-admin-panel.spec.ts" timestamp="2026-02-09T10:10:32.113Z" hostname="chromium" tests="1" failures="0" skipped="0" time="0.708" errors="0">
<testcase name="admin-panel component test" classname="component-admin-panel.spec.ts" time="0.708">
</testcase>
</testsuite>
<testsuite name="component-confirmation-dialog.spec.ts" timestamp="2026-02-09T10:10:32.113Z" hostname="chromium" tests="1" failures="0" skipped="0" time="0.394" errors="0">
<testcase name="confirmation-dialog component test" classname="component-confirmation-dialog.spec.ts" time="0.394">
</testcase>
</testsuite>
<testsuite name="component-data-table.spec.ts" timestamp="2026-02-09T10:10:32.113Z" hostname="chromium" tests="1" failures="0" skipped="0" time="0.299" errors="0">
<testcase name="data-table component test" classname="component-data-table.spec.ts" time="0.299">
</testcase>
</testsuite>
<testsuite name="component-employee-form.spec.ts" timestamp="2026-02-09T10:10:32.113Z" hostname="chromium" tests="1" failures="0" skipped="0" time="0.395" errors="0">
<testcase name="employee-form component test" classname="component-employee-form.spec.ts" time="0.395">
</testcase>
</testsuite>
<testsuite name="component-employee-list.spec.ts" timestamp="2026-02-09T10:10:32.113Z" hostname="chromium" tests="1" failures="0" skipped="0" time="0.451" errors="0">
<testcase name="employee-list component test" classname="component-employee-list.spec.ts" time="0.451">
</testcase>
</testsuite>
<testsuite name="component-prior-year-review.spec.ts" timestamp="2026-02-09T10:10:32.113Z" hostname="chromium" tests="1" failures="0" skipped="0" time="0.634" errors="0">
<testcase name="prior-year-review component loads" classname="component-prior-year-review.spec.ts" time="0.634">
</testcase>
</testsuite>
<testsuite name="component-pto-accrual-card.spec.ts" timestamp="2026-02-09T10:10:32.113Z" hostname="chromium" tests="1" failures="0" skipped="0" time="2.509" errors="0">
<testcase name="pto-accrual-card component test" classname="component-pto-accrual-card.spec.ts" time="2.509">
</testcase>
</testsuite>
<testsuite name="component-pto-bereavement-card.spec.ts" timestamp="2026-02-09T10:10:32.113Z" hostname="chromium" tests="1" failures="0" skipped="0" time="0.709" errors="0">
<testcase name="pto-bereavement-card component test" classname="component-pto-bereavement-card.spec.ts" time="0.709">
</testcase>
</testsuite>
<testsuite name="component-pto-calendar.spec.ts" timestamp="2026-02-09T10:10:32.113Z" hostname="chromium" tests="1" failures="0" skipped="0" time="0.325" errors="0">
<testcase name="pto-calendar component test" classname="component-pto-calendar.spec.ts" time="0.325">
</testcase>
</testsuite>
<testsuite name="component-pto-dashboard.spec.ts" timestamp="2026-02-09T10:10:32.113Z" hostname="chromium" tests="1" failures="0" skipped="0" time="2.181" errors="0">
<testcase name="pto-dashboard component test" classname="component-pto-dashboard.spec.ts" time="2.181">
<system-out>
<![CDATA[PAGE CONSOLE: log Starting PTO dashboard playground test with API data...
PAGE CONSOLE: log Setting ptoEntries on accrual
PAGE CONSOLE: log PtoAccrualCard: set ptoEntries: [Object, Object, Object, Object, Object, Object, Object, Object, Object, Object, Object, Object, Object, Object, Object, Object, Object, Object, Object, Object, Object, Object, Object]
PAGE CONSOLE: log Set ptoEntries
PAGE CONSOLE: log PTO dashboard playground test initialized with API data
PAGE CONSOLE: log Event listener added for pto-request-submit
PAGE CONSOLE: log PTO Request Test Page Loaded
PAGE CONSOLE: log Instructions: Select a month, choose PTO type, paint cells, edit hours, submit
PAGE CONSOLE: log PtoAccrualCard: calendar button clicked, month: 2
PAGE CONSOLE: log PtoAccrualCard: set selectedMonth to: 2
PAGE CONSOLE: log PtoAccrualCard: monthPtoEntries for month 2 : [Object, Object, Object, Object, Object, Object]
PAGE CONSOLE: log PtoCalendar.renderCalendar called for month: 1 year: 0 ptoEntries: []
PAGE CONSOLE: log PtoCalendar.renderCalendar called for month: 1 year: 2026 ptoEntries: []
PAGE CONSOLE: log PtoCalendar: Setting ptoEntries: [Object, Object, Object, Object, Object, Object]
PAGE CONSOLE: log PtoCalendar.renderCalendar called for month: 1 year: 2026 ptoEntries: [Object, Object, Object, Object, Object, Object]
PAGE CONSOLE: log PtoCalendar.renderCalendar called for month: 1 year: 2026 ptoEntries: [Object, Object, Object, Object, Object, Object]
PAGE CONSOLE: log PtoCalendar.renderCalendar called for month: 1 year: 2026 ptoEntries: [Object, Object, Object, Object, Object, Object]
PAGE CONSOLE: log PtoCalendar.renderCalendar called for month: 1 year: 2026 ptoEntries: [Object, Object, Object, Object, Object, Object]
PAGE CONSOLE: log PtoAccrualCard: calendar button clicked, month: 1
PAGE CONSOLE: log PtoAccrualCard: set selectedMonth to: 1
PAGE CONSOLE: log PtoAccrualCard: monthPtoEntries for month 1 : [Object, Object, Object]
PAGE CONSOLE: log PtoCalendar.renderCalendar called for month: 0 year: 0 ptoEntries: []
PAGE CONSOLE: log PtoCalendar.renderCalendar called for month: 0 year: 2026 ptoEntries: []
PAGE CONSOLE: log PtoCalendar: Setting ptoEntries: [Object, Object, Object]
PAGE CONSOLE: log PtoCalendar.renderCalendar called for month: 0 year: 2026 ptoEntries: [Object, Object, Object]
PAGE CONSOLE: log PtoCalendar.renderCalendar called for month: 0 year: 2026 ptoEntries: [Object, Object, Object]
PAGE CONSOLE: log PtoCalendar.renderCalendar called for month: 0 year: 2026 ptoEntries: [Object, Object, Object]
PAGE CONSOLE: log PtoCalendar.renderCalendar called for month: 0 year: 2026 ptoEntries: [Object, Object, Object]
PAGE CONSOLE: log PtoAccrualCard: calendar button clicked, month: 3
PAGE CONSOLE: log PtoAccrualCard: set selectedMonth to: 3
PAGE CONSOLE: log PtoAccrualCard: Filtering entry for March: {id: 1, employeeId: 1, date: 2026-03-02, type: PTO, hours: 4} entryMonth: 3 entryYearNum: 2026 matches: true
PAGE CONSOLE: log PtoAccrualCard: Filtering entry for March: {id: 2, employeeId: 1, date: 2026-03-03, type: PTO, hours: 4} entryMonth: 3 entryYearNum: 2026 matches: true
PAGE CONSOLE: log PtoAccrualCard: Filtering entry for March: {id: 3, employeeId: 1, date: 2026-03-04, type: PTO, hours: 4} entryMonth: 3 entryYearNum: 2026 matches: true
PAGE CONSOLE: log PtoAccrualCard: Filtering entry for March: {id: 4, employeeId: 1, date: 2026-03-05, type: PTO, hours: 4} entryMonth: 3 entryYearNum: 2026 matches: true
PAGE CONSOLE: log PtoAccrualCard: monthPtoEntries for month 3 : [Object, Object, Object, Object]
PAGE CONSOLE: log PtoCalendar.renderCalendar called for month: 2 year: 0 ptoEntries: []
PAGE CONSOLE: log PtoCalendar.renderCalendar called for month: 2 year: 2026 ptoEntries: []
PAGE CONSOLE: log PtoCalendar: March 1 dateStr: 2026-03-01 entriesForDate: [] totalHours: 0 entry: null
PAGE CONSOLE: log PtoCalendar: Setting ptoEntries: [Object, Object, Object, Object]
PAGE CONSOLE: log PtoCalendar.renderCalendar called for month: 2 year: 2026 ptoEntries: [Object, Object, Object, Object]
PAGE CONSOLE: log PtoCalendar: March 1 dateStr: 2026-03-01 entriesForDate: [] totalHours: 0 entry: null
PAGE CONSOLE: log PtoCalendar.renderCalendar called for month: 2 year: 2026 ptoEntries: [Object, Object, Object, Object]
PAGE CONSOLE: log PtoCalendar: March 1 dateStr: 2026-03-01 entriesForDate: [] totalHours: 0 entry: null
PAGE CONSOLE: log PtoCalendar.renderCalendar called for month: 2 year: 2026 ptoEntries: [Object, Object, Object, Object]
PAGE CONSOLE: log PtoCalendar: March 1 dateStr: 2026-03-01 entriesForDate: [] totalHours: 0 entry: null
PAGE CONSOLE: log PtoCalendar.renderCalendar called for month: 2 year: 2026 ptoEntries: [Object, Object, Object, Object]
PAGE CONSOLE: log PtoCalendar: March 1 dateStr: 2026-03-01 entriesForDate: [] totalHours: 0 entry: null
DEBUG: pto-entries attribute on pto-calendar: [{"id":1,"employeeId":1,"date":"2026-03-02","type":"PTO","hours":4,"createdAt":"2026-02-09"},{"id":2,"employeeId":1,"date":"2026-03-03","type":"PTO","hours":4,"createdAt":"2026-02-09"},{"id":3,"employeeId":1,"date":"2026-03-04","type":"PTO","hours":4,"createdAt":"2026-02-09"},{"id":4,"employeeId":1,"date":"2026-03-05","type":"PTO","hours":4,"createdAt":"2026-02-09"}]
]]>
</system-out>
</testcase>
</testsuite>
<testsuite name="component-pto-employee-info-card.spec.ts" timestamp="2026-02-09T10:10:32.113Z" hostname="chromium" tests="1" failures="0" skipped="0" time="0.194" errors="0">
<testcase name="pto-employee-info-card component test" classname="component-pto-employee-info-card.spec.ts" time="0.194">
</testcase>
</testsuite>
<testsuite name="component-pto-entry-form.spec.ts" timestamp="2026-02-09T10:10:32.113Z" hostname="chromium" tests="5" failures="0" skipped="0" time="5.29" errors="0">
<testcase name="pto-entry-form component test" classname="component-pto-entry-form.spec.ts" time="1.312">
</testcase>
<testcase name="pto-entry-form weekend warning test" classname="component-pto-entry-form.spec.ts" time="0.889">
</testcase>
<testcase name="pto-entry-form spillover calculation test" classname="component-pto-entry-form.spec.ts" time="1.34">
</testcase>
<testcase name="pto-entry-form dynamic field behavior test" classname="component-pto-entry-form.spec.ts" time="0.908">
</testcase>
<testcase name="pto-entry-form calendar interaction test" classname="component-pto-entry-form.spec.ts" time="0.841">
</testcase>
</testsuite>
<testsuite name="component-pto-jury-duty-card.spec.ts" timestamp="2026-02-09T10:10:32.113Z" hostname="chromium" tests="1" failures="0" skipped="0" time="0.742" errors="0">
<testcase name="pto-jury-duty-card component test" classname="component-pto-jury-duty-card.spec.ts" time="0.742">
</testcase>
</testsuite>
<testsuite name="component-pto-request-queue.spec.ts" timestamp="2026-02-09T10:10:32.113Z" hostname="chromium" tests="1" failures="0" skipped="0" time="0.268" errors="0">
<testcase name="pto-request-queue component test" classname="component-pto-request-queue.spec.ts" time="0.268">
</testcase>
</testsuite>
<testsuite name="component-pto-sick-card.spec.ts" timestamp="2026-02-09T10:10:32.113Z" hostname="chromium" tests="1" failures="0" skipped="0" time="0.681" errors="0">
<testcase name="pto-sick-card component test" classname="component-pto-sick-card.spec.ts" time="0.681">
</testcase>
</testsuite>
<testsuite name="component-pto-summary-card.spec.ts" timestamp="2026-02-09T10:10:32.113Z" hostname="chromium" tests="1" failures="0" skipped="0" time="2.67" errors="0">
<testcase name="pto-summary-card component test" classname="component-pto-summary-card.spec.ts" time="2.67">
</testcase>
</testsuite>
<testsuite name="component-report-generator.spec.ts" timestamp="2026-02-09T10:10:32.113Z" hostname="chromium" tests="1" failures="0" skipped="0" time="0.335" errors="0">
<testcase name="report-generator component test" classname="component-report-generator.spec.ts" time="0.335">
<system-out>
<![CDATA[Page title: Report Generator Test
Page contains report-generator: [33mtrue[39m
Page contains test-output: [33mtrue[39m
app.js status: [33m200[39m
app.js content length: [33m250696[39m
Component exists: [33mtrue[39m
Component type: ReportGenerator
Select element count: [33m1[39m
]]>
</system-out>
</testcase>
</testsuite>
<testsuite name="employee-admin-add.spec.ts" timestamp="2026-02-09T10:10:32.113Z" hostname="chromium" tests="2" failures="0" skipped="0" time="8.501" errors="0">
<testcase name="Employee Admin Panel - Add Employee › should add a new employee through admin panel UI" classname="employee-admin-add.spec.ts" time="6.63">
</testcase>
<testcase name="Employee Admin Panel - Add Employee › should show validation error for invalid email format" classname="employee-admin-add.spec.ts" time="1.871">
</testcase>
</testsuite>
<testsuite name="employee-workflow.spec.ts" timestamp="2026-02-09T10:10:32.113Z" hostname="chromium" tests="1" failures="0" skipped="0" time="1.304" errors="0">
<testcase name="Employee Authentication &amp; Workflow › should complete comprehensive PTO calendar request workflow" classname="employee-workflow.spec.ts" time="1.304">
<system-out>
<![CDATA[[browser log] ✅ Added submit event listener to element: JSHandle@node
[browser log] ✅ Added submit event listener to element: JSHandle@node
[browser log] ✅ Added pto-submit event listener to element: JSHandle@node
[browser log] ✅ Added click event listener to element: JSHandle@node
[browser log] ✅ Added click event listener to element: JSHandle@node
[browser log] ✅ Added click event listener to element: JSHandle@node
[browser log] ✅ Added click event listener to element: JSHandle@node
[browser log] ✅ Added click event listener to element: JSHandle@node
[browser log] ✅ Added click event listener to element: JSHandle@node
[browser log] ✅ Added click event listener to element: JSHandle@node
[browser log] ✅ Created div element with attributes: undefined
[browser log] ✅ Created a element with attributes: undefined
[browser log] ✅ Created div element with attributes: undefined
[browser log] ✅ Added submit event listener to element: JSHandle@node
[browser log] ✅ Added submit event listener to element: JSHandle@node
[browser log] ✅ Added pto-submit event listener to element: JSHandle@node
[browser log] ✅ Added click event listener to element: JSHandle@node
[browser log] ✅ Added click event listener to element: JSHandle@node
[browser log] ✅ Added click event listener to element: JSHandle@node
[browser log] ✅ Added click event listener to element: JSHandle@node
[browser log] ✅ Added click event listener to element: JSHandle@node
[browser log] ✅ Added click event listener to element: JSHandle@node
[browser log] ✅ Added click event listener to element: JSHandle@node
[browser log] loadPTOStatus called, currentUser: {id: 1, name: John Doe, role: Employee}
[browser log] ✅ Created pto-summary-card element with attributes: undefined
[browser log] ✅ Created pto-accrual-card element with attributes: undefined
[browser log] PtoAccrualCard: set ptoEntries: []
[browser log] ✅ Created pto-sick-card element with attributes: undefined
[browser log] ✅ Created pto-bereavement-card element with attributes: undefined
[browser log] ✅ Created pto-jury-duty-card element with attributes: undefined
[browser log] ✅ Created pto-employee-info-card element with attributes: undefined
[browser log] loadPTOStatus called, currentUser: {id: 1, name: John Doe, role: Employee}
[browser log] ✅ Created pto-summary-card element with attributes: undefined
[browser log] ✅ Created pto-accrual-card element with attributes: undefined
[browser log] PtoAccrualCard: set ptoEntries: []
[browser log] ✅ Created pto-sick-card element with attributes: undefined
[browser log] ✅ Created pto-bereavement-card element with attributes: undefined
[browser log] ✅ Created pto-jury-duty-card element with attributes: undefined
[browser log] ✅ Created pto-employee-info-card element with attributes: undefined
[response] GET 200 http://localhost:3001/api/pto/status :: {"employeeId":1,"hireDate":"2020-01-14","annualAllocation":96,"availablePTO":12,"usedPTO":124,"carryoverFromPreviousYear":40,"monthlyAccruals":[{"month":1,"hours":8.091954022988507},{"month":2,"hours":7.35632183908046},{"month":3,"hours":8.091954022988507},{"month":4,"hours":8.091954022988507},{"month":5,"hours":7.724137931034482},{"month":6,"hours":8.091954022988507},{"month":7,"hours":8.459770114942529},{"month":8,"hours":7.724137931034482},{"month":9,"hours":8.091954022988507},{"month":10,"hours":8.091954022988507},{"month":11,"hours":7.724137931034482},{"month":12,"hours":8.459770114942529}],"nextRolloverDate":"2027-01-01","sickTime":{"allowed":24,"used":48,"remaining":0},"ptoTime":{"allowed":136,"used":124,"remaining":12},"bereavementTime":{"allowed":40,"used":16,"remaining":24},"juryDutyTime":{"allowed":40,"used":40,"remaining":0}}
[response] GET 200 http://localhost:3001/api/pto/status :: {"employeeId":1,"hireDate":"2020-01-14","annualAllocation":96,"availablePTO":12,"usedPTO":124,"carryoverFromPreviousYear":40,"monthlyAccruals":[{"month":1,"hours":8.091954022988507},{"month":2,"hours":7.35632183908046},{"month":3,"hours":8.091954022988507},{"month":4,"hours":8.091954022988507},{"month":5,"hours":7.724137931034482},{"month":6,"hours":8.091954022988507},{"month":7,"hours":8.459770114942529},{"month":8,"hours":7.724137931034482},{"month":9,"hours":8.091954022988507},{"month":10,"hours":8.091954022988507},{"month":11,"hours":7.724137931034482},{"month":12,"hours":8.459770114942529}],"nextRolloverDate":"2027-01-01","sickTime":{"allowed":24,"used":48,"remaining":0},"ptoTime":{"allowed":136,"used":124,"remaining":12},"bereavementTime":{"allowed":40,"used":16,"remaining":24},"juryDutyTime":{"allowed":40,"used":40,"remaining":0}}
[browser log] PtoAccrualCard: set ptoEntries: [Object, Object, Object, Object, Object, Object, Object, Object, Object, Object, Object, Object, Object, Object, Object, Object, Object, Object, Object, Object, Object, Object, Object, Object, Object, Object, Object, Object, Object]
[browser log] ✅ Added pto-request-submit event listener to element: JSHandle@node
[browser log] ✅ Added navigate-to-month event listener to element: JSHandle@node
[browser log] ✅ Added navigate-to-month event listener to element: JSHandle@node
[browser log] ✅ Added navigate-to-month event listener to element: JSHandle@node
[browser log] PtoAccrualCard: set ptoEntries: [Object, Object, Object, Object, Object, Object, Object, Object, Object, Object, Object, Object, Object, Object, Object, Object, Object, Object, Object, Object, Object, Object, Object, Object, Object, Object, Object, Object, Object]
[browser log] ✅ Added pto-request-submit event listener to element: JSHandle@node
[browser log] ✅ Added navigate-to-month event listener to element: JSHandle@node
[browser log] ✅ Added navigate-to-month event listener to element: JSHandle@node
[browser log] ✅ Added navigate-to-month event listener to element: JSHandle@node
[response] GET 200 http://localhost:3001/api/pto :: [{"date":"2026-06-19","type":"Jury Duty","hours":8},{"date":"2026-06-18","type":"Jury Duty","hours":8},{"date":"2026-06-17","type":"Jury Duty","hours":8},{"date":"2026-06-16","type":"Jury Duty","hours":8},{"date":"2026-06-15","type":"Jury Duty","hours":8},{"date":"2026-06-12","type":"Bereavement","hours":8},{"date":"2026-02-25","type":"PTO","hours":8},{"date":"2026-02-23","type":"PTO","hours":8},{"date":"2026-02-20","type":"PTO","hours":8},{"date":"2026-02-17","type":"Sick","hours":8},{"date":"2026-02-13","type":"Sick","hours":8},{"date":"2026-02-12","type":"Sick","hours":8},{"date":"2025-12-26","type":"PTO","hours":8},{"date":"2025-12-24","type":"PTO","hours":8},{"date":"2025-11-26","type":"PTO","hours":8},{"date":"2025-10-10","type":"PTO","hours":8},{"date":"2025-09-03","type":"Sick","hours":8},{"date":"2025-08-15","type":"PTO","hours":8},{"date":"2025-07-04","type":"PTO","hours":8},{"date":"2025-06-11","type":"PTO","hours":4},{"date":"2025-05-23","type":"PTO","hours":8},{"date":"2025-05-21","type":"PTO","hours":8},{"date":"2025-04-02","type":"Bereavement","hours":8},{"date":"2025-03-07","type":"PTO","hours":8},{"date":"2025-03-05","type":"PTO","hours":8},{"date":"2025-02-14","type":"Sick","hours":8},{"date":"2025-02-12","type":"Sick","hours":8},{"date":"2025-01-17","type":"PTO","hours":8},{"date":"2025-01-15","type":"PTO","hours":8}]
[response] GET 200 http://localhost:3001/api/pto :: [{"date":"2026-06-19","type":"Jury Duty","hours":8},{"date":"2026-06-18","type":"Jury Duty","hours":8},{"date":"2026-06-17","type":"Jury Duty","hours":8},{"date":"2026-06-16","type":"Jury Duty","hours":8},{"date":"2026-06-15","type":"Jury Duty","hours":8},{"date":"2026-06-12","type":"Bereavement","hours":8},{"date":"2026-02-25","type":"PTO","hours":8},{"date":"2026-02-23","type":"PTO","hours":8},{"date":"2026-02-20","type":"PTO","hours":8},{"date":"2026-02-17","type":"Sick","hours":8},{"date":"2026-02-13","type":"Sick","hours":8},{"date":"2026-02-12","type":"Sick","hours":8},{"date":"2025-12-26","type":"PTO","hours":8},{"date":"2025-12-24","type":"PTO","hours":8},{"date":"2025-11-26","type":"PTO","hours":8},{"date":"2025-10-10","type":"PTO","hours":8},{"date":"2025-09-03","type":"Sick","hours":8},{"date":"2025-08-15","type":"PTO","hours":8},{"date":"2025-07-04","type":"PTO","hours":8},{"date":"2025-06-11","type":"PTO","hours":4},{"date":"2025-05-23","type":"PTO","hours":8},{"date":"2025-05-21","type":"PTO","hours":8},{"date":"2025-04-02","type":"Bereavement","hours":8},{"date":"2025-03-07","type":"PTO","hours":8},{"date":"2025-03-05","type":"PTO","hours":8},{"date":"2025-02-14","type":"Sick","hours":8},{"date":"2025-02-12","type":"Sick","hours":8},{"date":"2025-01-17","type":"PTO","hours":8},{"date":"2025-01-15","type":"PTO","hours":8}]
[browser log] PtoAccrualCard: calendar button clicked, month: 3
[browser log] PtoAccrualCard: set selectedMonth to: 3
[browser log] PtoAccrualCard: monthPtoEntries for month 3 : []
[browser log] PtoCalendar.renderCalendar called for month: 2 year: 0 ptoEntries: []
[pageerror] Invalid date components: 0-3-1
[browser log] PtoCalendar.renderCalendar called for month: 2 year: 2026 ptoEntries: []
[browser log] PtoCalendar: March 1 dateStr: 2026-03-01 entriesForDate: [] totalHours: 0 entry: null
[browser log] PtoCalendar: Setting ptoEntries: []
[browser log] PtoCalendar.renderCalendar called for month: 2 year: 2026 ptoEntries: []
[browser log] PtoCalendar: March 1 dateStr: 2026-03-01 entriesForDate: [] totalHours: 0 entry: null
[browser log] PtoCalendar.renderCalendar called for month: 2 year: 2026 ptoEntries: []
[browser log] PtoCalendar: March 1 dateStr: 2026-03-01 entriesForDate: [] totalHours: 0 entry: null
[browser log] PtoCalendar.renderCalendar called for month: 2 year: 2026 ptoEntries: []
[browser log] PtoCalendar: March 1 dateStr: 2026-03-01 entriesForDate: [] totalHours: 0 entry: null
[browser log] PtoCalendar.renderCalendar called for month: 2 year: 2026 ptoEntries: []
[browser log] PtoCalendar: March 1 dateStr: 2026-03-01 entriesForDate: [] totalHours: 0 entry: null
[response] POST 201 http://localhost:3001/api/pto :: {"message":"PTO entries created successfully","ptoEntry":{"id":33,"employee_id":1,"date":"2026-03-12","type":"PTO","hours":4,"created_at":"2026-02-09"},"ptoEntries":[{"id":33,"employee_id":1,"date":"2026-03-12","type":"PTO","hours":4,"created_at":"2026-02-09"}]}
[browser log] ✅ Created pto-summary-card element with attributes: undefined
[browser log] ✅ Created pto-accrual-card element with attributes: undefined
[browser log] PtoAccrualCard: set ptoEntries: [Object, Object, Object, Object, Object, Object, Object, Object, Object, Object, Object, Object, Object, Object, Object, Object, Object, Object, Object, Object, Object, Object, Object, Object, Object, Object, Object, Object, Object, Object]
[browser log] ✅ Created pto-sick-card element with attributes: undefined
[browser log] ✅ Created pto-bereavement-card element with attributes: undefined
[browser log] ✅ Created pto-jury-duty-card element with attributes: undefined
[browser log] ✅ Created pto-employee-info-card element with attributes: undefined
[browser log] ✅ Added pto-request-submit event listener to element: JSHandle@node
Comprehensive PTO calendar request workflow completed successfully
[response] GET 200 http://localhost:3001/api/pto/status :: {"employeeId":1,"hireDate":"2020-01-14","annualAllocation":96,"availablePTO":8,"usedPTO":128,"carryoverFromPreviousYear":40,"monthlyAccruals":[{"month":1,"hours":8.091954022988507},{"month":2,"hours":7.35632183908046},{"month":3,"hours":8.091954022988507},{"month":4,"hours":8.091954022988507},{"month":5,"hours":7.724137931034482},{"month":6,"hours":8.091954022988507},{"month":7,"hours":8.459770114942529},{"month":8,"hours":7.724137931034482},{"month":9,"hours":8.091954022988507},{"month":10,"hours":8.091954022988507},{"month":11,"hours":7.724137931034482},{"month":12,"hours":8.459770114942529}],"nextRolloverDate":"2027-01-01","sickTime":{"allowed":24,"used":48,"remaining":0},"ptoTime":{"allowed":136,"used":128,"remaining":8},"bereavementTime":{"allowed":40,"used":16,"remaining":24},"juryDutyTime":{"allowed":40,"used":40,"remaining":0}}
[response] GET 200 http://localhost:3001/api/pto :: [{"date":"2026-06-19","type":"Jury Duty","hours":8},{"date":"2026-06-18","type":"Jury Duty","hours":8},{"date":"2026-06-17","type":"Jury Duty","hours":8},{"date":"2026-06-16","type":"Jury Duty","hours":8},{"date":"2026-06-15","type":"Jury Duty","hours":8},{"date":"2026-06-12","type":"Bereavement","hours":8},{"date":"2026-03-12","type":"PTO","hours":4},{"date":"2026-02-25","type":"PTO","hours":8},{"date":"2026-02-23","type":"PTO","hours":8},{"date":"2026-02-20","type":"PTO","hours":8},{"date":"2026-02-17","type":"Sick","hours":8},{"date":"2026-02-13","type":"Sick","hours":8},{"date":"2026-02-12","type":"Sick","hours":8},{"date":"2025-12-26","type":"PTO","hours":8},{"date":"2025-12-24","type":"PTO","hours":8},{"date":"2025-11-26","type":"PTO","hours":8},{"date":"2025-10-10","type":"PTO","hours":8},{"date":"2025-09-03","type":"Sick","hours":8},{"date":"2025-08-15","type":"PTO","hours":8},{"date":"2025-07-04","type":"PTO","hours":8},{"date":"2025-06-11","type":"PTO","hours":4},{"date":"2025-05-23","type":"PTO","hours":8},{"date":"2025-05-21","type":"PTO","hours":8},{"date":"2025-04-02","type":"Bereavement","hours":8},{"date":"2025-03-07","type":"PTO","hours":8},{"date":"2025-03-05","type":"PTO","hours":8},{"date":"2025-02-14","type":"Sick","hours":8},{"date":"2025-02-12","type":"Sick","hours":8},{"date":"2025-01-17","type":"PTO","hours":8},{"date":"2025-01-15","type":"PTO","hours":8}]
]]>
</system-out>
</testcase>
</testsuite>
<testsuite name="health.spec.ts" timestamp="2026-02-09T10:10:32.113Z" hostname="chromium" tests="1" failures="0" skipped="0" time="0.182" errors="0">
<testcase name="health check" classname="health.spec.ts" time="0.182">
</testcase>
</testsuite>
<testsuite name="migration.spec.ts" timestamp="2026-02-09T10:10:32.113Z" hostname="chromium" tests="3" failures="0" skipped="0" time="2.372" errors="0">
<testcase name="File-Based Data Migration API › should execute full migration from Excel file and verify data integrity" classname="migration.spec.ts" time="1.506">
<system-out>
<![CDATA[Migration completed successfully: {
  employeeId: [33m4[39m,
  monthlyHoursCount: [33m12[39m,
  ptoEntriesCount: [33m0[39m,
  warnings: []
}
]]>
</system-out>
</testcase>
<testcase name="File-Based Data Migration API › should handle missing Excel file gracefully" classname="migration.spec.ts" time="0.407">
</testcase>
<testcase name="File-Based Data Migration API › should validate employee email format" classname="migration.spec.ts" time="0.459">
</testcase>
</testsuite>
<testsuite name="pto-balance-validation.spec.ts" timestamp="2026-02-09T10:10:32.113Z" hostname="chromium" tests="5" failures="0" skipped="0" time="4.245" errors="0">
<testcase name="PTO Balance Validation › should prevent PTO submission when balance is insufficient" classname="pto-balance-validation.spec.ts" time="1.67">
</testcase>
<testcase name="PTO Balance Validation › should allow PTO submission when balance is sufficient" classname="pto-balance-validation.spec.ts" time="0.702">
</testcase>
<testcase name="PTO Balance Validation › should display negative PTO balances in red" classname="pto-balance-validation.spec.ts" time="0.441">
</testcase>
<testcase name="PTO Balance Validation › should validate balance on form changes" classname="pto-balance-validation.spec.ts" time="0.825">
</testcase>
<testcase name="PTO Balance Validation › should handle exact balance match" classname="pto-balance-validation.spec.ts" time="0.607">
</testcase>
</testsuite>
<testsuite name="pto-entry-form-app.spec.ts" timestamp="2026-02-09T10:10:32.113Z" hostname="chromium" tests="2" failures="0" skipped="0" time="1.728" errors="0">
<testcase name="index PTO form submission persists entry" classname="pto-entry-form-app.spec.ts" time="1.108">
</testcase>
<testcase name="index PTO calendar submission persists entry" classname="pto-entry-form-app.spec.ts" time="0.62">
</testcase>
</testsuite>
<testsuite name="screenshots.spec.ts" timestamp="2026-02-09T10:10:32.113Z" hostname="chromium" tests="14" failures="0" skipped="0" time="4.321" errors="0">
<testcase name="PTO submission form screenshot" classname="screenshots.spec.ts" time="0.258">
<system-out>
<![CDATA[No significant change (0 pixels): assets/pto-submission-form.png
]]>
</system-out>
</testcase>
<testcase name="admin-panel component screenshot" classname="screenshots.spec.ts" time="0.292">
<system-out>
<![CDATA[No significant change (0 pixels): assets/admin-panel-component.png
]]>
</system-out>
</testcase>
<testcase name="confirmation-dialog component screenshot" classname="screenshots.spec.ts" time="0.274">
<system-out>
<![CDATA[No significant change (0 pixels): assets/confirmation-dialog-component.png
]]>
</system-out>
</testcase>
<testcase name="data-table component screenshot" classname="screenshots.spec.ts" time="0.311">
<system-out>
<![CDATA[No significant change (0 pixels): assets/data-table-component.png
]]>
</system-out>
</testcase>
<testcase name="employee-form component screenshot" classname="screenshots.spec.ts" time="0.313">
<system-out>
<![CDATA[No significant change (0 pixels): assets/employee-form-component.png
]]>
</system-out>
</testcase>
<testcase name="employee-list component screenshot" classname="screenshots.spec.ts" time="0.32">
<system-out>
<![CDATA[No significant change (0 pixels): assets/employee-list-component.png
]]>
</system-out>
</testcase>
<testcase name="pto-request-queue component screenshot" classname="screenshots.spec.ts" time="0.311">
<system-out>
<![CDATA[No significant change (0 pixels): assets/pto-request-queue-component.png
]]>
</system-out>
</testcase>
<testcase name="report-generator component screenshot" classname="screenshots.spec.ts" time="0.366">
<system-out>
<![CDATA[No significant change (0 pixels): assets/report-generator-component.png
]]>
</system-out>
</testcase>
<testcase name="pto-summary-card component screenshot" classname="screenshots.spec.ts" time="0.308">
<system-out>
<![CDATA[No significant change (0 pixels): assets/pto-summary-card-component.png
]]>
</system-out>
</testcase>
<testcase name="pto-accrual-card component screenshot" classname="screenshots.spec.ts" time="0.304">
<system-out>
<![CDATA[No significant change (0 pixels): assets/pto-accrual-card-component.png
]]>
</system-out>
</testcase>
<testcase name="pto-sick-card component screenshot" classname="screenshots.spec.ts" time="0.319">
<system-out>
<![CDATA[No significant change (0 pixels): assets/pto-sick-card-component.png
]]>
</system-out>
</testcase>
<testcase name="pto-bereavement-card component screenshot" classname="screenshots.spec.ts" time="0.304">
<system-out>
<![CDATA[No significant change (0 pixels): assets/pto-bereavement-card-component.png
]]>
</system-out>
</testcase>
<testcase name="pto-jury-duty-card component screenshot" classname="screenshots.spec.ts" time="0.304">
<system-out>
<![CDATA[No significant change (0 pixels): assets/pto-jury-duty-card-component.png
]]>
</system-out>
</testcase>
<testcase name="pto-employee-info-card component screenshot" classname="screenshots.spec.ts" time="0.337">
<system-out>
<![CDATA[No significant change (0 pixels): assets/pto-employee-info-card-component.png
]]>
</system-out>
</testcase>
</testsuite>
<testsuite name="sick-time-rendering-consistency.spec.ts" timestamp="2026-02-09T10:10:32.113Z" hostname="chromium" tests="1" failures="0" skipped="0" time="0.493" errors="0">
<testcase name="Sick Time Rendering Consistency › should not show sick time for 2/2/2026 in dashboard if no data exists, but report should match data" classname="sick-time-rendering-consistency.spec.ts" time="0.493">
<system-out>
<![CDATA[Dashboard sick entries found: []
Has Feb 17 in dashboard: [33mfalse[39m
]]>
</system-out>
</testcase>
</testsuite>
<testsuite name="test-page.spec.ts" timestamp="2026-02-09T10:10:32.113Z" hostname="chromium" tests="1" failures="0" skipped="0" time="10.642" errors="0">
<testcase name="Main Test Page › should complete automated TestWorkflow successfully" classname="test-page.spec.ts" time="10.642">
</testcase>
</testsuite>
</testsuites>